0 info it worked if it ends with ok
1 verbose cli [ '/usr/local/bin/node',
1 verbose cli   '/usr/local/bin/npm',
1 verbose cli   'run',
1 verbose cli   'start.livesync.ios' ]
2 info using npm@3.8.6
3 info using node@v5.11.0
4 verbose run-script [ 'prestart.livesync.ios',
4 verbose run-script   'start.livesync.ios',
4 verbose run-script   'poststart.livesync.ios' ]
5 info lifecycle angular-seed-advanced@0.0.0~prestart.livesync.ios: angular-seed-advanced@0.0.0
6 silly lifecycle angular-seed-advanced@0.0.0~prestart.livesync.ios: no script for prestart.livesync.ios, continuing
7 info lifecycle angular-seed-advanced@0.0.0~start.livesync.ios: angular-seed-advanced@0.0.0
8 verbose lifecycle angular-seed-advanced@0.0.0~start.livesync.ios: unsafe-perm in lifecycle true
9 verbose lifecycle angular-seed-advanced@0.0.0~start.livesync.ios: PATH: /usr/local/lib/node_modules/npm/bin/node-gyp-bin:/Users/Looper/Documents/NativeScript/practicebuddy-web-mobile/node_modules/.bin:/usr/local/bin:/usr/local/bin:/usr/bin:/bin:/usr/sbin:/sbin:/Applications/GenymotionShell.app/Contents/MacOS/:/Applications/Genymotion.app/Contents/MacOS/
10 verbose lifecycle angular-seed-advanced@0.0.0~start.livesync.ios: CWD: /Users/Looper/Documents/NativeScript/practicebuddy-web-mobile
11 silly lifecycle angular-seed-advanced@0.0.0~start.livesync.ios: Args: [ '-c',
11 silly lifecycle   'cd nativescript && tns livesync ios --emulator --watch --disableNpmInstall' ]
12 silly lifecycle angular-seed-advanced@0.0.0~start.livesync.ios: Returned: code: 134  signal: null
13 info lifecycle angular-seed-advanced@0.0.0~start.livesync.ios: Failed to exec start.livesync.ios script
14 verbose stack Error: angular-seed-advanced@0.0.0 start.livesync.ios: `cd nativescript && tns livesync ios --emulator --watch --disableNpmInstall`
14 verbose stack Exit status 134
14 verbose stack     at EventEmitter.<anonymous> (/usr/local/lib/node_modules/npm/lib/utils/lifecycle.js:239:16)
14 verbose stack     at emitTwo (events.js:100:13)
14 verbose stack     at EventEmitter.emit (events.js:185:7)
14 verbose stack     at ChildProcess.<anonymous> (/usr/local/lib/node_modules/npm/lib/utils/spawn.js:24:14)
14 verbose stack     at emitTwo (events.js:100:13)
14 verbose stack     at ChildProcess.emit (events.js:185:7)
14 verbose stack     at maybeClose (internal/child_process.js:850:16)
14 verbose stack     at Process.ChildProcess._handle.onexit (internal/child_process.js:215:5)
15 verbose pkgid angular-seed-advanced@0.0.0
16 verbose cwd /Users/Looper/Documents/NativeScript/practicebuddy-web-mobile
17 error Darwin 16.3.0
18 error argv "/usr/local/bin/node" "/usr/local/bin/npm" "run" "start.livesync.ios"
19 error node v5.11.0
20 error npm  v3.8.6
21 error code ELIFECYCLE
22 error angular-seed-advanced@0.0.0 start.livesync.ios: `cd nativescript && tns livesync ios --emulator --watch --disableNpmInstall`
22 error Exit status 134
23 error Failed at the angular-seed-advanced@0.0.0 start.livesync.ios script 'cd nativescript && tns livesync ios --emulator --watch --disableNpmInstall'.
23 error Make sure you have the latest version of node.js and npm installed.
23 error If you do, this is most likely a problem with the angular-seed-advanced package,
23 error not with npm itself.
23 error Tell the author that this fails on your system:
23 error     cd nativescript && tns livesync ios --emulator --watch --disableNpmInstall
23 error You can get information on how to open an issue for this project with:
23 error     npm bugs angular-seed-advanced
23 error Or if that isn't available, you can get their info via:
23 error     npm owner ls angular-seed-advanced
23 error There is likely additional logging output above.
24 verbose exit [ 1, true ]
